<?xml version="1.0" encoding="UTF-8"?>
<testsuite xmlns:xsi="http://www.w3.org/2001/XMLSchema-instance" xsi:noNamespaceSchemaLocation="https://maven.apache.org/surefire/maven-surefire-plugin/xsd/surefire-test-report-3.0.xsd" version="3.0" name="com.kartik.database.repositories.BookEntityRepositoryIntegrationTests" time="0.874" tests="4" errors="0" skipped="0" failures="1">
  <properties>
[...]
</properties>
  <testcase name="testThatBookCanBeCreatedAndUpdated" classname="com.kartik.database.repositories.BookEntityRepositoryIntegrationTests" time="0.032">
    <system-out><![CDATA[2023-12-28T13:15:49.888-07:00  INFO 86685 --- [           main] t.c.s.AnnotationConfigContextLoaderUtils : Could not detect default configuration classes for test class [com.kartik.database.repositories.BookEntityRepositoryIntegrationTests]: BookEntityRepositoryIntegrationTests does not declare any static, non-private, non-final, nested classes annotated with @Configuration.
2023-12-28T13:15:49.889-07:00  INFO 86685 --- [           main] .b.t.c.SpringBootTestContextBootstrapper : Found @SpringBootConfiguration com.kartik.database.BooksApiApplication for test class com.kartik.database.repositories.BookEntityRepositoryIntegrationTests

  .   ____          _            __ _ _
 /\\ / ___'_ __ _ _(_)_ __  __ _ \ \ \ \
( ( )\___ | '_ | '_| | '_ \/ _` | \ \ \ \
 \\/  ___)| |_)| | | | | || (_| |  ) ) ) )
  '  |____| .__|_| |_|_| |_\__, | / / / /
 =========|_|==============|___/=/_/_/_/
 :: Spring Boot ::                (v3.2.1)

2023-12-28T13:15:49.896-07:00  INFO 86685 --- [           main] d.r.BookEntityRepositoryIntegrationTests : Starting BookEntityRepositoryIntegrationTests using Java 21.0.1 with PID 86685 (started by kartiksharma in /Users/kartiksharma/Desktop/Learning Spring Boot/JPA)
2023-12-28T13:15:49.897-07:00  INFO 86685 --- [           main] d.r.BookEntityRepositoryIntegrationTests : No active profile set, falling back to 1 default profile: "default"
2023-12-28T13:15:49.935-07:00  INFO 86685 --- [           main] .s.d.r.c.RepositoryConfigurationDelegate : Bootstrapping Spring Data JPA repositories in DEFAULT mode.
2023-12-28T13:15:49.939-07:00  INFO 86685 --- [           main] .s.d.r.c.RepositoryConfigurationDelegate : Finished Spring Data repository scanning in 3 ms. Found 2 JPA repository interfaces.
2023-12-28T13:15:49.958-07:00  INFO 86685 --- [           main] o.hibernate.jpa.internal.util.LogHelper  : HHH000204: Processing PersistenceUnitInfo [name: default]
2023-12-28T13:15:49.959-07:00  INFO 86685 --- [           main] o.h.c.internal.RegionFactoryInitiator    : HHH000026: Second-level cache disabled
2023-12-28T13:15:49.960-07:00  INFO 86685 --- [           main] o.s.o.j.p.SpringPersistenceUnitInfo      : No LoadTimeWeaver setup: ignoring JPA class transformer
2023-12-28T13:15:49.960-07:00  INFO 86685 --- [           main] com.zaxxer.hikari.HikariDataSource       : HikariPool-7 - Starting...
2023-12-28T13:15:49.980-07:00  INFO 86685 --- [           main] com.zaxxer.hikari.pool.HikariPool        : HikariPool-7 - Added connection org.postgresql.jdbc.PgConnection@5a4e810e
2023-12-28T13:15:49.980-07:00  INFO 86685 --- [           main] com.zaxxer.hikari.HikariDataSource       : HikariPool-7 - Start completed.
2023-12-28T13:15:50.004-07:00  INFO 86685 --- [           main] o.h.e.t.j.p.i.JtaPlatformInitiator       : HHH000489: No JTA platform available (set 'hibernate.transaction.jta.platform' to enable JTA platform integration)
2023-12-28T13:15:50.026-07:00  INFO 86685 --- [           main] j.LocalContainerEntityManagerFactoryBean : Initialized JPA EntityManagerFactory for persistence unit 'default'
2023-12-28T13:15:50.058-07:00  WARN 86685 --- [           main] JpaBaseConfiguration$JpaWebConfiguration : spring.jpa.open-in-view is enabled by default. Therefore, database queries may be performed during view rendering. Explicitly configure spring.jpa.open-in-view to disable this warning
2023-12-28T13:15:50.084-07:00  INFO 86685 --- [           main] d.r.BookEntityRepositoryIntegrationTests : Started BookEntityRepositoryIntegrationTests in 0.194 seconds (process running for 4.429)
2023-12-28T13:15:50.114-07:00  INFO 86685 --- [           main] j.LocalContainerEntityManagerFactoryBean : Closing JPA EntityManagerFactory for persistence unit 'default'
2023-12-28T13:15:50.114-07:00  INFO 86685 --- [           main] com.zaxxer.hikari.HikariDataSource       : HikariPool-7 - Shutdown initiated...
2023-12-28T13:15:50.116-07:00  INFO 86685 --- [           main] com.zaxxer.hikari.HikariDataSource       : HikariPool-7 - Shutdown completed.
]]></system-out>
  </testcase>
  <testcase name="testThatBookCanBeCreatedAndRecalled" classname="com.kartik.database.repositories.BookEntityRepositoryIntegrationTests" time="0.041">
    <system-out><![CDATA[
  .   ____          _            __ _ _
 /\\ / ___'_ __ _ _(_)_ __  __ _ \ \ \ \
( ( )\___ | '_ | '_| | '_ \/ _` | \ \ \ \
 \\/  ___)| |_)| | | | | || (_| |  ) ) ) )
  '  |____| .__|_| |_|_| |_\__, | / / / /
 =========|_|==============|___/=/_/_/_/
 :: Spring Boot ::                (v3.2.1)

2023-12-28T13:15:50.123-07:00  INFO 86685 --- [           main] d.r.BookEntityRepositoryIntegrationTests : Starting BookEntityRepositoryIntegrationTests using Java 21.0.1 with PID 86685 (started by kartiksharma in /Users/kartiksharma/Desktop/Learning Spring Boot/JPA)
2023-12-28T13:15:50.124-07:00  INFO 86685 --- [           main] d.r.BookEntityRepositoryIntegrationTests : No active profile set, falling back to 1 default profile: "default"
2023-12-28T13:15:50.160-07:00  INFO 86685 --- [           main] .s.d.r.c.RepositoryConfigurationDelegate : Bootstrapping Spring Data JPA repositories in DEFAULT mode.
2023-12-28T13:15:50.164-07:00  INFO 86685 --- [           main] .s.d.r.c.RepositoryConfigurationDelegate : Finished Spring Data repository scanning in 3 ms. Found 2 JPA repository interfaces.
2023-12-28T13:15:50.182-07:00  INFO 86685 --- [           main] o.hibernate.jpa.internal.util.LogHelper  : HHH000204: Processing PersistenceUnitInfo [name: default]
2023-12-28T13:15:50.183-07:00  INFO 86685 --- [           main] o.h.c.internal.RegionFactoryInitiator    : HHH000026: Second-level cache disabled
2023-12-28T13:15:50.184-07:00  INFO 86685 --- [           main] o.s.o.j.p.SpringPersistenceUnitInfo      : No LoadTimeWeaver setup: ignoring JPA class transformer
2023-12-28T13:15:50.184-07:00  INFO 86685 --- [           main] com.zaxxer.hikari.HikariDataSource       : HikariPool-8 - Starting...
2023-12-28T13:15:50.202-07:00  INFO 86685 --- [           main] com.zaxxer.hikari.pool.HikariPool        : HikariPool-8 - Added connection org.postgresql.jdbc.PgConnection@486cb71f
2023-12-28T13:15:50.202-07:00  INFO 86685 --- [           main] com.zaxxer.hikari.HikariDataSource       : HikariPool-8 - Start completed.
2023-12-28T13:15:50.232-07:00  INFO 86685 --- [           main] o.h.e.t.j.p.i.JtaPlatformInitiator       : HHH000489: No JTA platform available (set 'hibernate.transaction.jta.platform' to enable JTA platform integration)
2023-12-28T13:15:50.254-07:00  INFO 86685 --- [           main] j.LocalContainerEntityManagerFactoryBean : Initialized JPA EntityManagerFactory for persistence unit 'default'
2023-12-28T13:15:50.271-07:00  WARN 86685 --- [           main] JpaBaseConfiguration$JpaWebConfiguration : spring.jpa.open-in-view is enabled by default. Therefore, database queries may be performed during view rendering. Explicitly configure spring.jpa.open-in-view to disable this warning
2023-12-28T13:15:50.294-07:00  INFO 86685 --- [           main] d.r.BookEntityRepositoryIntegrationTests : Started BookEntityRepositoryIntegrationTests in 0.177 seconds (process running for 4.64)
2023-12-28T13:15:50.317-07:00  INFO 86685 --- [           main] j.LocalContainerEntityManagerFactoryBean : Closing JPA EntityManagerFactory for persistence unit 'default'
2023-12-28T13:15:50.318-07:00  INFO 86685 --- [           main] com.zaxxer.hikari.HikariDataSource       : HikariPool-8 - Shutdown initiated...
2023-12-28T13:15:50.335-07:00  INFO 86685 --- [           main] com.zaxxer.hikari.HikariDataSource       : HikariPool-8 - Shutdown completed.
]]></system-out>
  </testcase>
  <testcase name="testThatBookCanBeCreatedAndDeleted" classname="com.kartik.database.repositories.BookEntityRepositoryIntegrationTests" time="0.046">
    <system-out><![CDATA[
  .   ____          _            __ _ _
 /\\ / ___'_ __ _ _(_)_ __  __ _ \ \ \ \
( ( )\___ | '_ | '_| | '_ \/ _` | \ \ \ \
 \\/  ___)| |_)| | | | | || (_| |  ) ) ) )
  '  |____| .__|_| |_|_| |_\__, | / / / /
 =========|_|==============|___/=/_/_/_/
 :: Spring Boot ::                (v3.2.1)

2023-12-28T13:15:50.343-07:00  INFO 86685 --- [           main] d.r.BookEntityRepositoryIntegrationTests : Starting BookEntityRepositoryIntegrationTests using Java 21.0.1 with PID 86685 (started by kartiksharma in /Users/kartiksharma/Desktop/Learning Spring Boot/JPA)
2023-12-28T13:15:50.343-07:00  INFO 86685 --- [           main] d.r.BookEntityRepositoryIntegrationTests : No active profile set, falling back to 1 default profile: "default"
2023-12-28T13:15:50.383-07:00  INFO 86685 --- [           main] .s.d.r.c.RepositoryConfigurationDelegate : Bootstrapping Spring Data JPA repositories in DEFAULT mode.
2023-12-28T13:15:50.386-07:00  INFO 86685 --- [           main] .s.d.r.c.RepositoryConfigurationDelegate : Finished Spring Data repository scanning in 3 ms. Found 2 JPA repository interfaces.
2023-12-28T13:15:50.404-07:00  INFO 86685 --- [           main] o.hibernate.jpa.internal.util.LogHelper  : HHH000204: Processing PersistenceUnitInfo [name: default]
2023-12-28T13:15:50.404-07:00  INFO 86685 --- [           main] o.h.c.internal.RegionFactoryInitiator    : HHH000026: Second-level cache disabled
2023-12-28T13:15:50.405-07:00  INFO 86685 --- [           main] o.s.o.j.p.SpringPersistenceUnitInfo      : No LoadTimeWeaver setup: ignoring JPA class transformer
2023-12-28T13:15:50.405-07:00  INFO 86685 --- [           main] com.zaxxer.hikari.HikariDataSource       : HikariPool-9 - Starting...
2023-12-28T13:15:50.422-07:00  INFO 86685 --- [           main] com.zaxxer.hikari.pool.HikariPool        : HikariPool-9 - Added connection org.postgresql.jdbc.PgConnection@61ae8f75
2023-12-28T13:15:50.422-07:00  INFO 86685 --- [           main] com.zaxxer.hikari.HikariDataSource       : HikariPool-9 - Start completed.
2023-12-28T13:15:50.442-07:00  INFO 86685 --- [           main] o.h.e.t.j.p.i.JtaPlatformInitiator       : HHH000489: No JTA platform available (set 'hibernate.transaction.jta.platform' to enable JTA platform integration)
2023-12-28T13:15:50.465-07:00  INFO 86685 --- [           main] j.LocalContainerEntityManagerFactoryBean : Initialized JPA EntityManagerFactory for persistence unit 'default'
2023-12-28T13:15:50.481-07:00  WARN 86685 --- [           main] JpaBaseConfiguration$JpaWebConfiguration : spring.jpa.open-in-view is enabled by default. Therefore, database queries may be performed during view rendering. Explicitly configure spring.jpa.open-in-view to disable this warning
2023-12-28T13:15:50.503-07:00  INFO 86685 --- [           main] d.r.BookEntityRepositoryIntegrationTests : Started BookEntityRepositoryIntegrationTests in 0.166 seconds (process running for 4.849)
2023-12-28T13:15:50.527-07:00  INFO 86685 --- [           main] j.LocalContainerEntityManagerFactoryBean : Closing JPA EntityManagerFactory for persistence unit 'default'
2023-12-28T13:15:50.527-07:00  INFO 86685 --- [           main] com.zaxxer.hikari.HikariDataSource       : HikariPool-9 - Shutdown initiated...
2023-12-28T13:15:50.549-07:00  INFO 86685 --- [           main] com.zaxxer.hikari.HikariDataSource       : HikariPool-9 - Shutdown completed.
]]></system-out>
  </testcase>
  <testcase name="testThatMultipleBooksCanBeCreatedAndRecalled" classname="com.kartik.database.repositories.BookEntityRepositoryIntegrationTests" time="0.04">
    <failure message="&#10;Expected size: 3 but was: 6 in:&#10;[BookEntity(isbn=11231, title=The Shadow, authorEntity=null),&#10;    BookEntity(isbn=9876542, title=The Shadow Test 98723, authorEntity=null),&#10;    BookEntity(isbn=9342, title=The Shadow Test 98723123, authorEntity=null),&#10;    BookEntity(isbn=978-1, title=The Shadow in the Attic, authorEntity=AuthorEntity(id=752, name=Abiligal Rose, age=80)),&#10;    BookEntity(isbn=978-121, title=Beyond the Horizon, authorEntity=AuthorEntity(id=752, name=Abiligal Rose, age=80)),&#10;    BookEntity(isbn=978-1432, title=THe Last Ember, authorEntity=AuthorEntity(id=752, name=Abiligal Rose, age=80))]" type="java.lang.AssertionError"><![CDATA[java.lang.AssertionError: 

Expected size: 3 but was: 6 in:
[BookEntity(isbn=11231, title=The Shadow, authorEntity=null),
    BookEntity(isbn=9876542, title=The Shadow Test 98723, authorEntity=null),
    BookEntity(isbn=9342, title=The Shadow Test 98723123, authorEntity=null),
    BookEntity(isbn=978-1, title=The Shadow in the Attic, authorEntity=AuthorEntity(id=752, name=Abiligal Rose, age=80)),
    BookEntity(isbn=978-121, title=Beyond the Horizon, authorEntity=AuthorEntity(id=752, name=Abiligal Rose, age=80)),
    BookEntity(isbn=978-1432, title=THe Last Ember, authorEntity=AuthorEntity(id=752, name=Abiligal Rose, age=80))]
	at com.kartik.database.repositories.BookEntityRepositoryIntegrationTests.testThatMultipleBooksCanBeCreatedAndRecalled(BookEntityRepositoryIntegrationTests.java:60)
	at java.base/java.lang.reflect.Method.invoke(Method.java:580)
	at java.base/java.util.ArrayList.forEach(ArrayList.java:1596)
	at java.base/java.util.ArrayList.forEach(ArrayList.java:1596)
]]></failure>
    <system-out><![CDATA[
  .   ____          _            __ _ _
 /\\ / ___'_ __ _ _(_)_ __  __ _ \ \ \ \
( ( )\___ | '_ | '_| | '_ \/ _` | \ \ \ \
 \\/  ___)| |_)| | | | | || (_| |  ) ) ) )
  '  |____| .__|_| |_|_| |_\__, | / / / /
 =========|_|==============|___/=/_/_/_/
 :: Spring Boot ::                (v3.2.1)

2023-12-28T13:15:50.557-07:00  INFO 86685 --- [           main] d.r.BookEntityRepositoryIntegrationTests : Starting BookEntityRepositoryIntegrationTests using Java 21.0.1 with PID 86685 (started by kartiksharma in /Users/kartiksharma/Desktop/Learning Spring Boot/JPA)
2023-12-28T13:15:50.557-07:00  INFO 86685 --- [           main] d.r.BookEntityRepositoryIntegrationTests : No active profile set, falling back to 1 default profile: "default"
2023-12-28T13:15:50.591-07:00  INFO 86685 --- [           main] .s.d.r.c.RepositoryConfigurationDelegate : Bootstrapping Spring Data JPA repositories in DEFAULT mode.
2023-12-28T13:15:50.594-07:00  INFO 86685 --- [           main] .s.d.r.c.RepositoryConfigurationDelegate : Finished Spring Data repository scanning in 2 ms. Found 2 JPA repository interfaces.
2023-12-28T13:15:50.616-07:00  INFO 86685 --- [           main] o.hibernate.jpa.internal.util.LogHelper  : HHH000204: Processing PersistenceUnitInfo [name: default]
2023-12-28T13:15:50.616-07:00  INFO 86685 --- [           main] o.h.c.internal.RegionFactoryInitiator    : HHH000026: Second-level cache disabled
2023-12-28T13:15:50.617-07:00  INFO 86685 --- [           main] o.s.o.j.p.SpringPersistenceUnitInfo      : No LoadTimeWeaver setup: ignoring JPA class transformer
2023-12-28T13:15:50.617-07:00  INFO 86685 --- [           main] com.zaxxer.hikari.HikariDataSource       : HikariPool-10 - Starting...
2023-12-28T13:15:50.634-07:00  INFO 86685 --- [           main] com.zaxxer.hikari.pool.HikariPool        : HikariPool-10 - Added connection org.postgresql.jdbc.PgConnection@50a65fb9
2023-12-28T13:15:50.634-07:00  INFO 86685 --- [           main] com.zaxxer.hikari.HikariDataSource       : HikariPool-10 - Start completed.
2023-12-28T13:15:50.654-07:00  INFO 86685 --- [           main] o.h.e.t.j.p.i.JtaPlatformInitiator       : HHH000489: No JTA platform available (set 'hibernate.transaction.jta.platform' to enable JTA platform integration)
2023-12-28T13:15:50.682-07:00  INFO 86685 --- [           main] j.LocalContainerEntityManagerFactoryBean : Initialized JPA EntityManagerFactory for persistence unit 'default'
2023-12-28T13:15:50.698-07:00  WARN 86685 --- [           main] JpaBaseConfiguration$JpaWebConfiguration : spring.jpa.open-in-view is enabled by default. Therefore, database queries may be performed during view rendering. Explicitly configure spring.jpa.open-in-view to disable this warning
2023-12-28T13:15:50.721-07:00  INFO 86685 --- [           main] d.r.BookEntityRepositoryIntegrationTests : Started BookEntityRepositoryIntegrationTests in 0.17 seconds (process running for 5.067)
2023-12-28T13:15:50.756-07:00  INFO 86685 --- [           main] j.LocalContainerEntityManagerFactoryBean : Closing JPA EntityManagerFactory for persistence unit 'default'
2023-12-28T13:15:50.757-07:00  INFO 86685 --- [           main] com.zaxxer.hikari.HikariDataSource       : HikariPool-10 - Shutdown initiated...
2023-12-28T13:15:50.761-07:00  INFO 86685 --- [           main] com.zaxxer.hikari.HikariDataSource       : HikariPool-10 - Shutdown completed.
]]></system-out>
  </testcase>
</testsuite>